【20150103 16:40:27.009】--- SenA[0005]:40 03 0F 00 AE
【20150103 16:40:27.089】--- RecA[0004]:F0 02 0F FF
【20150103 16:40:27.089】--- ===================================================
【20150103 16:40:27.089】--- SenA[0004]:40 02 02 BC
【20150103 16:40:27.089】--- RecA[0008]:F0 06 02 01 00 02 07 FE
【20150103 16:40:27.099】--- ===================================================
【20150103 16:40:27.099】--- SenA[0004]:40 02 06 B8
【20150103 16:40:27.109】--- RecA[0036]:F0 22 06 08 32 01 0B 30 00 01 02 04 00 01 01 C0 A8 01 16 07 B1 FF FF FF 00 C0 A8 01 01 00 A0 EE 1C 47 16 C4
【20150103 16:40:27.109】--- ===================================================
【20150103 16:40:27.109】--- SenA[0004]:40 02 14 AA
【20150103 16:40:27.109】--- RecA[0036]:F0 22 14 00 00 05 02 00 64 00 03 28 C8 08 00 78 00 00 01 00 C0 A8 00 3D 13 88 00 10 32 15 00 00 00 00 00 64
【20150103 16:40:27.109】--- ===================================================
【20150103 16:40:27.189】--- SenA[0005]:40 03 0A 00 B3
【20150103 16:40:27.200】--- RecA[0004]:F0 02 0A 04
【20150103 16:40:27.202】--- ===================================================
【20150103 16:40:27.221】--- SenA[0005]:40 03 0A 00 B3
【20150103 16:40:27.231】--- RecA[0004]:F0 02 0A 04
【20150103 16:40:27.231】--- ===================================================
【20150103 16:40:27.231】--- SenA[0008]:40 06 EE 00 00 00 00 CC
【20150103 16:40:27.241】--- RecA[0005]:F4 03 EE 02 19
【20150103 16:40:27.241】--- ===================================================
【20150103 16:40:27.441】--- SenA[0005]:40 03 0A 00 B3
【20150103 16:40:27.441】--- RecA[0004]:F0 02 0A 04
【20150103 16:40:27.441】--- ===================================================
【20150103 16:40:27.441】--- SenA[0008]:40 06 EE 00 00 00 00 CC
【20150103 16:40:27.471】--- RecA[0005]:F4 03 EE 02 19
【20150103 16:40:27.471】--- ===================================================
【20150103 16:40:27.681】--- SenA[0005]:40 03 0A 00 B3
【20150103 16:40:27.681】--- RecA[0004]:F0 02 0A 04
【20150103 16:40:27.681】--- ===================================================
【20150103 16:40:27.681】--- SenA[0008]:40 06 EE 00 00 00 00 CC
【20150103 16:40:27.691】--- RecA[0005]:F4 03 EE 02 19
【20150103 16:40:27.702】--- ===================================================
【20150103 16:40:27.902】--- SenA[0005]:40 03 0A 00 B3
【20150103 16:40:27.902】--- RecA[0004]:F0 02 0A 04
【20150103 16:40:27.902】--- ===================================================
【20150103 16:40:27.902】--- SenA[0008]:40 06 EE 00 00 00 00 CC
【20150103 16:40:28.062】--- RecA[0005]:F4 03 EE 02 19
【20150103 16:40:28.062】--- ===================================================
【20150103 16:40:28.262】--- SenA[0005]:40 03 0A 00 B3
【20150103 16:40:28.262】--- RecA[0004]:F0 02 0A 04
【20150103 16:40:28.262】--- ===================================================
【20150103 16:40:28.262】--- SenA[0008]:40 06 EE 00 00 00 00 CC
【20150103 16:40:28.282】--- RecA[0005]:F4 03 EE 02 19
【20150103 16:40:28.282】--- ===================================================
【20150103 16:40:28.482】--- SenA[0005]:40 03 0A 00 B3
【20150103 16:40:28.482】--- RecA[0004]:F0 02 0A 04
【20150103 16:40:28.482】--- ===================================================
【20150103 16:40:28.482】--- SenA[0008]:40 06 EE 00 00 00 00 CC
【20150103 16:40:28.502】--- RecA[0005]:F4 03 EE 02 19
【20150103 16:40:28.502】--- ===================================================
【20150103 16:40:28.702】--- SenA[0005]:40 03 0A 00 B3
【20150103 16:40:28.702】--- RecA[0004]:F0 02 0A 04
【20150103 16:40:28.702】--- ===================================================
【20150103 16:40:28.702】--- SenA[0008]:40 06 EE 00 00 00 00 CC
【20150103 16:40:28.723】--- RecA[0005]:F4 03 EE 02 19
【20150103 16:40:28.723】--- ===================================================
【20150103 16:40:28.923】--- SenA[0005]:40 03 0A 00 B3
【20150103 16:40:28.923】--- RecA[0004]:F0 02 0A 04
【20150103 16:40:28.923】--- ===================================================
【20150103 16:40:28.923】--- SenA[0008]:40 06 EE 00 00 00 00 CC
【20150103 16:40:28.943】--- RecA[0005]:F4 03 EE 02 19
【20150103 16:40:28.943】--- ===================================================
【20150103 16:40:29.143】--- SenA[0005]:40 03 0A 00 B3
【20150103 16:40:29.143】--- RecA[0004]:F0 02 0A 04
【20150103 16:40:29.143】--- ===================================================
【20150103 16:40:29.143】--- SenA[0008]:40 06 EE 00 00 00 00 CC
【20150103 16:40:29.153】--- RecA[0005]:F4 03 EE 02 19
【20150103 16:40:29.163】--- ===================================================
【20150103 16:40:29.363】--- SenA[0005]:40 03 0A 00 B3
【20150103 16:40:29.363】--- RecA[0004]:F0 02 0A 04
【20150103 16:40:29.363】--- ===================================================
【20150103 16:40:29.363】--- SenA[0008]:40 06 EE 00 00 00 00 CC
【20150103 16:40:29.383】--- RecA[0005]:F4 03 EE 02 19
【20150103 16:40:29.383】--- ===================================================
【20150103 16:40:29.583】--- SenA[0005]:40 03 0A 00 B3
【20150103 16:40:29.583】--- RecA[0004]:F0 02 0A 04
【20150103 16:40:29.583】--- ===================================================
【20150103 16:40:29.583】--- SenA[0008]:40 06 EE 00 00 00 00 CC
【20150103 16:40:29.603】--- RecA[0005]:F4 03 EE 02 19
【20150103 16:40:29.603】--- ===================================================
【20150103 16:40:29.803】--- SenA[0005]:40 03 0A 00 B3
【20150103 16:40:29.803】--- RecA[0004]:F0 02 0A 04
【20150103 16:40:29.803】--- ===================================================
【20150103 16:40:29.803】--- SenA[0008]:40 06 EE 00 00 00 00 CC
【20150103 16:40:29.864】--- RecA[0005]:F4 03 EE 02 19
【20150103 16:40:29.874】--- ===================================================
【20150103 16:40:30.082】--- SenA[0005]:40 03 0A 00 B3
【20150103 16:40:30.082】--- RecA[0004]:F0 02 0A 04
【20150103 16:40:30.082】--- ===================================================
【20150103 16:40:30.082】--- SenA[0008]:40 06 EE 00 00 00 00 CC
【20150103 16:40:30.112】--- RecA[0005]:F4 03 EE 02 19
【20150103 16:40:30.112】--- ===================================================
【20150103 16:40:30.312】--- SenA[0005]:40 03 0A 00 B3
【20150103 16:40:30.312】--- RecA[0004]:F0 02 0A 04
【20150103 16:40:30.312】--- ===================================================
【20150103 16:40:30.312】--- SenA[0008]:40 06 EE 00 00 00 00 CC
【20150103 16:40:30.322】--- RecA[0005]:F4 03 EE 02 19
【20150103 16:40:30.332】--- ===================================================
【20150103 16:40:30.532】--- SenA[0005]:40 03 0A 00 B3
【20150103 16:40:30.542】--- RecA[0004]:F0 02 0A 04
【20150103 16:40:30.542】--- ===================================================
【20150103 16:40:30.542】--- SenA[0008]:40 06 EE 00 00 00 00 CC
【20150103 16:40:30.552】--- RecA[0005]:F4 03 EE 02 19
【20150103 16:40:30.552】--- ===================================================
【20150103 16:40:30.752】--- SenA[0005]:40 03 0A 00 B3
【20150103 16:40:30.757】--- RecA[0004]:F0 02 0A 04
【20150103 16:40:30.758】--- ===================================================
【20150103 16:40:30.760】--- SenA[0008]:40 06 EE 00 00 00 00 CC
【20150103 16:40:30.765】--- RecA[0005]:F4 03 EE 02 19
【20150103 16:40:30.775】--- ===================================================
【20150103 16:40:30.975】--- SenA[0005]:40 03 0A 00 B3
【20150103 16:40:30.975】--- RecA[0004]:F0 02 0A 04
【20150103 16:40:30.975】--- ===================================================
【20150103 16:40:30.975】--- SenA[0008]:40 06 EE 00 00 00 00 CC
【20150103 16:40:31.136】--- RecA[0005]:F4 03 EE 02 19
【20150103 16:40:31.136】--- ===================================================
【20150103 16:40:31.336】--- SenA[0005]:40 03 0A 00 B3
【20150103 16:40:31.336】--- RecA[0004]:F0 02 0A 04
【20150103 16:40:31.336】--- ===================================================
【20150103 16:40:31.336】--- SenA[0008]:40 06 EE 00 00 00 00 CC
【20150103 16:40:31.356】--- RecA[0005]:F4 03 EE 02 19
【20150103 16:40:31.356】--- ===================================================
【20150103 16:40:31.556】--- SenA[0005]:40 03 0A 00 B3
【20150103 16:40:31.556】--- RecA[0004]:F0 02 0A 04
【20150103 16:40:31.556】--- ===================================================
【20150103 16:40:31.556】--- SenA[0008]:40 06 EE 00 00 00 00 CC
【20150103 16:40:31.716】--- RecA[0005]:F4 03 EE 02 19
【20150103 16:40:31.716】--- ===================================================
【20150103 16:40:31.916】--- SenA[0005]:40 03 0A 00 B3
【20150103 16:40:31.916】--- RecA[0004]:F0 02 0A 04
【20150103 16:40:31.916】--- ===================================================
【20150103 16:40:31.916】--- SenA[0008]:40 06 EE 00 00 00 00 CC
【20150103 16:40:31.936】--- RecA[0005]:F4 03 EE 02 19
【20150103 16:40:31.936】--- ===================================================
【20150103 16:40:32.136】--- SenA[0005]:40 03 0A 00 B3
【20150103 16:40:32.146】--- RecA[0004]:F0 02 0A 04
【20150103 16:40:32.146】--- ===================================================
【20150103 16:40:32.146】--- SenA[0008]:40 06 EE 00 00 00 00 CC
【20150103 16:40:32.157】--- RecA[0005]:F4 03 EE 02 19
【20150103 16:40:32.157】--- ===================================================
【20150103 16:40:32.357】--- SenA[0005]:40 03 0A 00 B3
【20150103 16:40:32.357】--- RecA[0004]:F0 02 0A 04
【20150103 16:40:32.357】--- ===================================================
【20150103 16:40:32.357】--- SenA[0008]:40 06 EE 00 00 00 00 CC
【20150103 16:40:32.367】--- RecA[0005]:F4 03 EE 02 19
【20150103 16:40:32.377】--- ===================================================
【20150103 16:40:32.577】--- SenA[0005]:40 03 0A 00 B3
【20150103 16:40:32.577】--- RecA[0004]:F0 02 0A 04
【20150103 16:40:32.577】--- ===================================================
【20150103 16:40:32.577】--- SenA[0008]:40 06 EE 00 00 00 00 CC
【20150103 16:40:32.737】--- RecA[0005]:F4 03 EE 02 19
【20150103 16:40:32.737】--- ===================================================
【20150103 16:40:32.937】--- SenA[0005]:40 03 0A 00 B3
【20150103 16:40:32.947】--- RecA[0004]:F0 02 0A 04
【20150103 16:40:32.947】--- ===================================================
【20150103 16:40:32.947】--- SenA[0008]:40 06 EE 00 00 00 00 CC
【20150103 16:40:32.957】--- RecA[0005]:F4 03 EE 02 19
【20150103 16:40:32.957】--- ===================================================
【20150103 16:40:33.157】--- SenA[0005]:40 03 0A 00 B3
【20150103 16:40:33.157】--- RecA[0004]:F0 02 0A 04
【20150103 16:40:33.157】--- ===================================================
【20150103 16:40:33.157】--- SenA[0008]:40 06 EE 00 00 00 00 CC
【20150103 16:40:33.167】--- RecA[0005]:F4 03 EE 02 19
【20150103 16:40:33.178】--- ===================================================
【20150103 16:40:33.378】--- SenA[0005]:40 03 0A 00 B3
【20150103 16:40:33.378】--- RecA[0004]:F0 02 0A 04
【20150103 16:40:33.378】--- ===================================================
【20150103 16:40:33.378】--- SenA[0008]:40 06 EE 00 00 00 00 CC
【20150103 16:40:33.388】--- RecA[0005]:F4 03 EE 02 19
【20150103 16:40:33.398】--- ===================================================
【20150103 16:40:33.598】--- SenA[0005]:40 03 0A 00 B3
【20150103 16:40:33.598】--- RecA[0004]:F0 02 0A 04
【20150103 16:40:33.598】--- ===================================================
【20150103 16:40:33.598】--- SenA[0008]:40 06 EE 00 00 00 00 CC
【20150103 16:40:33.620】--- RecA[0005]:F4 03 EE 02 19
【20150103 16:40:33.620】--- ===================================================
【20150103 16:40:33.822】--- SenA[0005]:40 03 0A 00 B3
【20150103 16:40:33.822】--- RecA[0004]:F0 02 0A 04
【20150103 16:40:33.822】--- ===================================================
【20150103 16:40:33.822】--- SenA[0008]:40 06 EE 00 00 00 00 CC
【20150103 16:40:33.842】--- RecA[0005]:F4 03 EE 02 19
【20150103 16:40:33.842】--- ===================================================
【20150103 16:40:34.042】--- SenA[0005]:40 03 0A 00 B3
【20150103 16:40:34.042】--- RecA[0004]:F0 02 0A 04
【20150103 16:40:34.042】--- ===================================================
【20150103 16:40:34.042】--- SenA[0008]:40 06 EE 00 00 00 00 CC
【20150103 16:40:34.052】--- RecA[0005]:F4 03 EE 02 19
【20150103 16:40:34.062】--- ===================================================
【20150103 16:40:34.262】--- SenA[0005]:40 03 0A 00 B3
【20150103 16:40:34.262】--- RecA[0004]:F0 02 0A 04
【20150103 16:40:34.262】--- ===================================================
【20150103 16:40:34.262】--- SenA[0008]:40 06 EE 00 00 00 00 CC
【20150103 16:40:34.272】--- RecA[0005]:F4 03 EE 02 19
【20150103 16:40:34.282】--- ===================================================
【20150103 16:40:34.483】--- SenA[0005]:40 03 0A 00 B3
【20150103 16:40:34.483】--- RecA[0004]:F0 02 0A 04
【20150103 16:40:34.483】--- ===================================================
【20150103 16:40:34.483】--- SenA[0008]:40 06 EE 00 00 00 00 CC
【20150103 16:40:34.503】--- RecA[0005]:F4 03 EE 02 19
【20150103 16:40:34.503】--- ===================================================
【20150103 16:40:34.707】--- SenA[0005]:40 03 0A 00 B3
【20150103 16:40:34.707】--- RecA[0004]:F0 02 0A 04
【20150103 16:40:34.707】--- ===================================================
【20150103 16:40:34.707】--- SenA[0008]:40 06 EE 00 00 00 00 CC
【20150103 16:40:34.727】--- RecA[0005]:F4 03 EE 02 19
【20150103 16:40:34.727】--- ===================================================
【20150103 16:40:34.927】--- SenA[0005]:40 03 0A 00 B3
【20150103 16:40:34.927】--- RecA[0004]:F0 02 0A 04
【20150103 16:40:34.927】--- ===================================================
【20150103 16:40:34.927】--- SenA[0008]:40 06 EE 00 00 00 00 CC
【20150103 16:40:34.987】--- RecA[0005]:F4 03 EE 02 19
【20150103 16:40:34.987】--- ===================================================
【20150103 16:40:35.187】--- SenA[0005]:40 03 0A 00 B3
【20150103 16:40:35.187】--- RecA[0004]:F0 02 0A 04
【20150103 16:40:35.187】--- ===================================================
【20150103 16:40:35.187】--- SenA[0008]:40 06 EE 00 00 00 00 CC
【20150103 16:40:35.197】--- RecA[0005]:F4 03 EE 02 19
【20150103 16:40:35.207】--- ===================================================
【20150103 16:40:35.407】--- SenA[0005]:40 03 0A 00 B3
【20150103 16:40:35.407】--- RecA[0004]:F0 02 0A 04
【20150103 16:40:35.407】--- ===================================================
【20150103 16:40:35.407】--- SenA[0008]:40 06 EE 00 00 00 00 CC
【20150103 16:40:35.568】--- RecA[0005]:F4 03 EE 02 19
【20150103 16:40:35.568】--- ===================================================
【20150103 16:40:35.768】--- SenA[0005]:40 03 0A 00 B3
【20150103 16:40:35.768】--- RecA[0004]:F0 02 0A 04
【20150103 16:40:35.768】--- ===================================================
【20150103 16:40:35.768】--- SenA[0008]:40 06 EE 00 00 00 00 CC
【20150103 16:40:35.788】--- RecA[0005]:F4 03 EE 02 19
【20150103 16:40:35.788】--- ===================================================
【20150103 16:40:35.997】--- SenA[0005]:40 03 0A 00 B3
【20150103 16:40:35.997】--- RecA[0004]:F0 02 0A 04
【20150103 16:40:35.997】--- ===================================================
【20150103 16:40:35.997】--- SenA[0008]:40 06 EE 00 00 00 00 CC
【20150103 16:40:36.007】--- RecA[0005]:F4 03 EE 02 19
【20150103 16:40:36.017】--- ===================================================
【20150103 16:40:36.217】--- SenA[0005]:40 03 0A 00 B3
【20150103 16:40:36.217】--- RecA[0004]:F0 02 0A 04
【20150103 16:40:36.217】--- ===================================================
【20150103 16:40:36.217】--- SenA[0008]:40 06 EE 00 00 00 00 CC
【20150103 16:40:36.237】--- RecA[0005]:F4 03 EE 02 19
【20150103 16:40:36.237】--- ===================================================
【20150103 16:40:36.437】--- SenA[0005]:40 03 0A 00 B3
【20150103 16:40:36.437】--- RecA[0004]:F0 02 0A 04
【20150103 16:40:36.437】--- ===================================================
【20150103 16:40:36.437】--- SenA[0008]:40 06 EE 00 00 00 00 CC
【20150103 16:40:36.458】--- RecA[0005]:F4 03 EE 02 19
【20150103 16:40:36.458】--- ===================================================
【20150103 16:40:36.658】--- SenA[0005]:40 03 0A 00 B3
【20150103 16:40:36.658】--- RecA[0004]:F0 02 0A 04
【20150103 16:40:36.658】--- ===================================================
【20150103 16:40:36.658】--- SenA[0008]:40 06 EE 00 00 00 00 CC
【20150103 16:40:36.668】--- RecA[0005]:F4 03 EE 02 19
【20150103 16:40:36.678】--- ===================================================
【20150103 16:40:36.878】--- SenA[0005]:40 03 0A 00 B3
【20150103 16:40:36.878】--- RecA[0004]:F0 02 0A 04
【20150103 16:40:36.878】--- ===================================================
【20150103 16:40:36.878】--- SenA[0008]:40 06 EE 00 00 00 00 CC
【20150103 16:40:36.898】--- RecA[0005]:F4 03 EE 02 19
【20150103 16:40:36.898】--- ===================================================
【20150103 16:40:37.098】--- SenA[0005]:40 03 0A 00 B3
【20150103 16:40:37.098】--- RecA[0004]:F0 02 0A 04
【20150103 16:40:37.098】--- ===================================================
【20150103 16:40:37.098】--- SenA[0008]:40 06 EE 00 00 00 00 CC
【20150103 16:40:37.168】--- RecA[0005]:F4 03 EE 02 19
【20150103 16:40:37.168】--- ===================================================
【20150103 16:40:37.368】--- SenA[0005]:40 03 0A 00 B3
【20150103 16:40:37.368】--- RecA[0004]:F0 02 0A 04
【20150103 16:40:37.368】--- ===================================================
【20150103 16:40:37.368】--- SenA[0008]:40 06 EE 00 00 00 00 CC
【20150103 16:40:37.378】--- RecA[0005]:F4 03 EE 02 19
【20150103 16:40:37.388】--- ===================================================
【20150103 16:40:37.588】--- SenA[0005]:40 03 0A 00 B3
【20150103 16:40:37.588】--- RecA[0004]:F0 02 0A 04
【20150103 16:40:37.588】--- ===================================================
【20150103 16:40:37.588】--- SenA[0008]:40 06 EE 00 00 00 00 CC
【20150103 16:40:37.608】--- RecA[0005]:F4 03 EE 02 19
【20150103 16:40:37.608】--- ===================================================
【20150103 16:40:37.819】--- SenA[0005]:40 03 0A 00 B3
【20150103 16:40:37.819】--- RecA[0004]:F0 02 0A 04
【20150103 16:40:37.819】--- ===================================================
【20150103 16:40:37.819】--- SenA[0008]:40 06 EE 00 00 00 00 CC
【20150103 16:40:37.829】--- RecA[0005]:F4 03 EE 02 19
【20150103 16:40:37.839】--- ===================================================
【20150103 16:40:38.039】--- SenA[0005]:40 03 0A 00 B3
【20150103 16:40:38.039】--- RecA[0004]:F0 02 0A 04
【20150103 16:40:38.039】--- ===================================================
【20150103 16:40:38.039】--- SenA[0008]:40 06 EE 00 00 00 00 CC
【20150103 16:40:38.049】--- RecA[0005]:F4 03 EE 02 19
【20150103 16:40:38.059】--- ===================================================
【20150103 16:40:38.259】--- SenA[0005]:40 03 0A 00 B3
【20150103 16:40:38.259】--- RecA[0004]:F0 02 0A 04
【20150103 16:40:38.259】--- ===================================================
【20150103 16:40:38.259】--- SenA[0008]:40 06 EE 00 00 00 00 CC
【20150103 16:40:38.269】--- RecA[0005]:F4 03 EE 02 19
【20150103 16:40:38.279】--- ===================================================
【20150103 16:40:38.479】--- SenA[0005]:40 03 0A 00 B3
【20150103 16:40:38.479】--- RecA[0004]:F0 02 0A 04
【20150103 16:40:38.479】--- ===================================================
【20150103 16:40:38.479】--- SenA[0008]:40 06 EE 00 00 00 00 CC
【20150103 16:40:38.499】--- RecA[0005]:F4 03 EE 02 19
【20150103 16:40:38.499】--- ===================================================
【20150103 16:40:38.699】--- SenA[0005]:40 03 0A 00 B3
【20150103 16:40:38.699】--- RecA[0004]:F0 02 0A 04
【20150103 16:40:38.699】--- ===================================================
【20150103 16:40:38.699】--- SenA[0008]:40 06 EE 00 00 00 00 CC
【20150103 16:40:38.720】--- RecA[0005]:F4 03 EE 02 19
【20150103 16:40:38.720】--- ===================================================
【20150103 16:40:38.920】--- SenA[0005]:40 03 0A 00 B3
【20150103 16:40:38.920】--- RecA[0004]:F0 02 0A 04
【20150103 16:40:38.920】--- ===================================================
【20150103 16:40:38.920】--- SenA[0008]:40 06 EE 00 00 00 00 CC
【20150103 16:40:38.930】--- RecA[0005]:F4 03 EE 02 19
【20150103 16:40:38.940】--- ===================================================
【20150103 16:40:39.140】--- SenA[0005]:40 03 0A 00 B3
【20150103 16:40:39.140】--- RecA[0004]:F0 02 0A 04
【20150103 16:40:39.140】--- ===================================================
【20150103 16:40:39.140】--- SenA[0008]:40 06 EE 00 00 00 00 CC
【20150103 16:40:39.150】--- RecA[0005]:F4 03 EE 02 19
【20150103 16:40:39.150】--- ===================================================
【20150103 16:40:39.360】--- SenA[0005]:40 03 0A 00 B3
【20150103 16:40:39.360】--- RecA[0004]:F0 02 0A 04
【20150103 16:40:39.360】--- ===================================================
【20150103 16:40:39.360】--- SenA[0008]:40 06 EE 00 00 00 00 CC
【20150103 16:40:39.370】--- RecA[0005]:F4 03 EE 02 19
【20150103 16:40:39.380】--- ===================================================
【20150103 16:40:39.580】--- SenA[0005]:40 03 0A 00 B3
【20150103 16:40:39.580】--- RecA[0004]:F0 02 0A 04
【20150103 16:40:39.580】--- ===================================================
【20150103 16:40:39.580】--- SenA[0008]:40 06 EE 00 00 00 00 CC
【20150103 16:40:39.690】--- RecA[0005]:F4 03 EE 02 19
【20150103 16:40:39.690】--- ===================================================
【20150103 16:40:39.890】--- SenA[0005]:40 03 0A 00 B3
【20150103 16:40:39.890】--- RecA[0004]:F0 02 0A 04
【20150103 16:40:39.890】--- ===================================================
【20150103 16:40:39.890】--- SenA[0008]:40 06 EE 00 00 00 00 CC
【20150103 16:40:39.910】--- RecA[0005]:F4 03 EE 02 19
【20150103 16:40:39.911】--- ===================================================
【20150103 16:40:40.111】--- SenA[0005]:40 03 0A 00 B3
【20150103 16:40:40.111】--- RecA[0004]:F0 02 0A 04
【20150103 16:40:40.111】--- ===================================================
【20150103 16:40:40.111】--- SenA[0008]:40 06 EE 00 00 00 00 CC
【20150103 16:40:40.121】--- RecA[0005]:F4 03 EE 02 19
【20150103 16:40:40.131】--- ===================================================
【20150103 16:40:40.331】--- SenA[0005]:40 03 0A 00 B3
【20150103 16:40:40.331】--- RecA[0004]:F0 02 0A 04
【20150103 16:40:40.331】--- ===================================================
【20150103 16:40:40.331】--- SenA[0008]:40 06 EE 00 00 00 00 CC
【20150103 16:40:40.351】--- RecA[0005]:F4 03 EE 02 19
【20150103 16:40:40.351】--- ===================================================
【20150103 16:40:40.551】--- SenA[0005]:40 03 0A 00 B3
【20150103 16:40:40.551】--- RecA[0004]:F0 02 0A 04
【20150103 16:40:40.551】--- ===================================================
【20150103 16:40:40.551】--- SenA[0008]:40 06 EE 00 00 00 00 CC
【20150103 16:40:40.571】--- RecA[0005]:F4 03 EE 02 19
【20150103 16:40:40.571】--- ===================================================
【20150103 16:40:40.771】--- SenA[0005]:40 03 0A 00 B3
【20150103 16:40:40.771】--- RecA[0004]:F0 02 0A 04
【20150103 16:40:40.771】--- ===================================================
【20150103 16:40:40.771】--- SenA[0008]:40 06 EE 00 00 00 00 CC
【20150103 16:40:40.948】--- RecA[0005]:F4 03 EE 02 19
【20150103 16:40:40.948】--- ===================================================
【20150103 16:40:41.149】--- SenA[0005]:40 03 0A 00 B3
【20150103 16:40:41.149】--- RecA[0004]:F0 02 0A 04
【20150103 16:40:41.149】--- ===================================================
【20150103 16:40:41.149】--- SenA[0008]:40 06 EE 00 00 00 00 CC
【20150103 16:40:41.169】--- RecA[0005]:F4 03 EE 02 19
【20150103 16:40:41.169】--- ===================================================
【20150103 16:40:41.369】--- SenA[0005]:40 03 0A 00 B3
【20150103 16:40:41.369】--- RecA[0004]:F0 02 0A 04
【20150103 16:40:41.369】--- ===================================================
【20150103 16:40:41.369】--- SenA[0008]:40 06 EE 00 00 00 00 CC
【20150103 16:40:41.389】--- RecA[0018]:F0 10 EE 01 06 30 08 33 B2 DD D9 01 40 00 00 00 00 F7
【20150103 16:40:41.389】--- ===================================================
【20150103 16:41:07.185】--- SenA[0005]:40 03 0F 00 AE
【20150103 16:41:07.225】--- RecA[0004]:F0 02 0F FF
【20150103 16:41:07.235】--- ===================================================
【20150103 16:41:07.235】--- SenA[0004]:40 02 02 BC
【20150103 16:41:07.235】--- RecA[0008]:F0 06 02 01 00 02 07 FE
【20150103 16:41:07.235】--- ===================================================
【20150103 16:41:07.235】--- SenA[0004]:40 02 06 B8
【20150103 16:41:07.245】--- RecA[0036]:F0 22 06 08 32 01 0B 30 00 01 02 04 00 01 01 C0 A8 01 18 07 B1 FF FF FF 00 C0 A8 01 01 00 A0 EE 1A 24 3A C3
【20150103 16:41:07.245】--- ===================================================
【20150103 16:41:07.245】--- SenA[0004]:40 02 14 AA
【20150103 16:41:07.265】--- RecA[0036]:F0 22 14 00 00 05 02 00 64 00 03 28 C8 08 00 78 00 00 01 00 C0 A8 00 3D 13 88 00 10 32 15 00 00 00 00 00 64
【20150103 16:41:07.265】--- ===================================================
【20150103 16:41:07.335】--- SenA[0005]:40 03 0A 00 B3
【20150103 16:41:07.345】--- RecA[0004]:F0 02 0A 04
【20150103 16:41:07.345】--- ===================================================
【20150103 16:41:07.345】--- SenA[0005]:40 03 0A 00 B3
【20150103 16:41:07.355】--- RecA[0004]:F0 02 0A 04
【20150103 16:41:07.355】--- ===================================================
【20150103 16:41:07.355】--- SenA[0008]:40 06 EE 00 00 00 00 CC
【20150103 16:41:07.365】--- RecA[0005]:F4 03 EE 02 19
【20150103 16:41:07.365】--- ===================================================
【20150103 16:41:07.575】--- SenA[0005]:40 03 0A 00 B3
【20150103 16:41:07.575】--- RecA[0004]:F0 02 0A 04
【20150103 16:41:07.575】--- ===================================================
【20150103 16:41:07.575】--- SenA[0008]:40 06 EE 00 00 00 00 CC
【20150103 16:41:07.595】--- RecA[0005]:F4 03 EE 02 19
【20150103 16:41:07.595】--- ===================================================
【20150103 16:41:07.795】--- SenA[0005]:40 03 0A 00 B3
【20150103 16:41:07.795】--- RecA[0004]:F0 02 0A 04
【20150103 16:41:07.795】--- ===================================================
【20150103 16:41:07.795】--- SenA[0008]:40 06 EE 00 00 00 00 CC
【20150103 16:41:07.816】--- RecA[0005]:F4 03 EE 02 19
【20150103 16:41:07.817】--- ===================================================
【20150103 16:41:08.017】--- SenA[0005]:40 03 0A 00 B3
【20150103 16:41:08.017】--- RecA[0004]:F0 02 0A 04
【20150103 16:41:08.017】--- ===================================================
【20150103 16:41:08.017】--- SenA[0008]:40 06 EE 00 00 00 00 CC
【20150103 16:41:08.037】--- RecA[0005]:F4 03 EE 02 19
【20150103 16:41:08.037】--- ===================================================
【20150103 16:41:08.237】--- SenA[0005]:40 03 0A 00 B3
【20150103 16:41:08.237】--- RecA[0004]:F0 02 0A 04
【20150103 16:41:08.237】--- ===================================================
【20150103 16:41:08.237】--- SenA[0008]:40 06 EE 00 00 00 00 CC
【20150103 16:41:08.257】--- RecA[0005]:F4 03 EE 02 19
【20150103 16:41:08.257】--- ===================================================
【20150103 16:41:08.457】--- SenA[0005]:40 03 0A 00 B3
【20150103 16:41:08.457】--- RecA[0004]:F0 02 0A 04
【20150103 16:41:08.457】--- ===================================================
【20150103 16:41:08.457】--- SenA[0008]:40 06 EE 00 00 00 00 CC
【20150103 16:41:08.487】--- RecA[0005]:F4 03 EE 02 19
【20150103 16:41:08.487】--- ===================================================
【20150103 16:41:08.687】--- SenA[0005]:40 03 0A 00 B3
【20150103 16:41:08.687】--- RecA[0004]:F0 02 0A 04
【20150103 16:41:08.687】--- ===================================================
【20150103 16:41:08.687】--- SenA[0008]:40 06 EE 00 00 00 00 CC
【20150103 16:41:08.707】--- RecA[0018]:F0 10 EE 01 06 30 08 33 B2 DD D9 01 40 00 00 00 00 F7
【20150103 16:41:08.707】--- ===================================================
【20150103 17:28:35.464】--- SenA[0005]:40 03 0F 00 AE
【20150103 17:28:35.584】--- RecA[0004]:F0 02 0F FF
【20150103 17:28:35.584】--- ===================================================
【20150103 17:28:35.584】--- SenA[0004]:40 02 02 BC
【20150103 17:28:35.594】--- SenA[0004]:40 02 02 BC
【20150103 17:28:35.594】--- SenA[0004]:40 02 02 BC
【20150103 17:28:35.594】--- SenA[0004]:40 02 02 BC
【20150103 17:28:35.594】--- SenA[0004]:40 02 02 BC
【20150103 17:29:22.104】--- SenA[0005]:40 03 0F 00 AE
【20150103 17:29:22.154】--- RecA[0004]:F0 02 0F FF
【20150103 17:29:22.164】--- ===================================================
【20150103 17:29:22.164】--- SenA[0004]:40 02 02 BC
【20150103 17:29:22.164】--- RecA[0008]:F0 06 02 01 00 02 07 FE
【20150103 17:29:22.164】--- ===================================================
【20150103 17:29:22.164】--- SenA[0004]:40 02 06 B8
【20150103 17:29:22.174】--- RecA[0036]:F0 22 06 08 32 01 0B 30 00 01 02 04 00 01 01 C0 A8 01 16 07 82 FF FF FF 00 C0 A8 01 01 00 A0 EE 1C 47 16 F3
【20150103 17:29:22.174】--- ===================================================
【20150103 17:29:22.174】--- SenA[0004]:40 02 14 AA
【20150103 17:29:22.184】--- RecA[0036]:F0 22 14 00 00 05 02 00 64 00 03 28 C8 08 00 78 00 00 01 00 C0 A8 00 3D 13 88 00 10 32 15 00 00 00 00 00 64
【20150103 17:29:22.184】--- ===================================================
【20150103 17:29:22.244】--- SenA[0005]:40 03 0A 00 B3
【20150103 17:29:22.254】--- RecA[0004]:F0 02 0A 04
【20150103 17:29:22.254】--- ===================================================
【20150103 17:29:22.254】--- SenA[0005]:40 03 0A 00 B3
【20150103 17:29:22.264】--- RecA[0004]:F0 02 0A 04
【20150103 17:29:22.264】--- ===================================================
【20150103 17:29:22.264】--- SenA[0008]:40 06 EE 00 00 00 00 CC
【20150103 17:29:22.274】--- RecA[0005]:F4 03 EE 02 19
【20150103 17:29:22.274】--- ===================================================
【20150103 17:29:22.474】--- SenA[0005]:40 03 0A 00 B3
【20150103 17:29:22.474】--- RecA[0004]:F0 02 0A 04
【20150103 17:29:22.474】--- ===================================================
【20150103 17:29:22.474】--- SenA[0008]:40 06 EE 00 00 00 00 CC
【20150103 17:29:22.494】--- RecA[0005]:F4 03 EE 02 19
【20150103 17:29:22.494】--- ===================================================
【20150103 17:29:22.694】--- SenA[0005]:40 03 0A 00 B3
【20150103 17:29:22.694】--- RecA[0004]:F0 02 0A 04
【20150103 17:29:22.694】--- ===================================================
【20150103 17:29:22.694】--- SenA[0008]:40 06 EE 00 00 00 00 CC
【20150103 17:29:22.715】--- RecA[0005]:F4 03 EE 02 19
【20150103 17:29:22.715】--- ===================================================
【20150103 17:29:22.915】--- SenA[0005]:40 03 0A 00 B3
【20150103 17:29:22.915】--- RecA[0004]:F0 02 0A 04
【20150103 17:29:22.915】--- ===================================================
【20150103 17:29:22.915】--- SenA[0008]:40 06 EE 00 00 00 00 CC
【20150103 17:29:22.925】--- RecA[0005]:F4 03 EE 02 19
【20150103 17:29:22.935】--- ===================================================
【20150103 17:29:23.135】--- SenA[0005]:40 03 0A 00 B3
【20150103 17:29:23.135】--- RecA[0004]:F0 02 0A 04
【20150103 17:29:23.135】--- ===================================================
【20150103 17:29:23.135】--- SenA[0008]:40 06 EE 00 00 00 00 CC
【20150103 17:29:23.155】--- RecA[0005]:F4 03 EE 02 19
【20150103 17:29:23.155】--- ===================================================
【20150103 17:29:23.355】--- SenA[0005]:40 03 0A 00 B3
【20150103 17:29:23.355】--- RecA[0004]:F0 02 0A 04
【20150103 17:29:23.355】--- ===================================================
【20150103 17:29:23.355】--- SenA[0008]:40 06 EE 00 00 00 00 CC
【20150103 17:29:23.375】--- RecA[0005]:F4 03 EE 02 19
【20150103 17:29:23.375】--- ===================================================
【20150103 17:29:23.575】--- SenA[0005]:40 03 0A 00 B3
【20150103 17:29:23.575】--- RecA[0004]:F0 02 0A 04
【20150103 17:29:23.575】--- ===================================================
【20150103 17:29:23.575】--- SenA[0008]:40 06 EE 00 00 00 00 CC
【20150103 17:29:23.595】--- RecA[0005]:F4 03 EE 02 19
【20150103 17:29:23.595】--- ===================================================
【20150103 17:29:23.795】--- SenA[0005]:40 03 0A 00 B3
【20150103 17:29:23.795】--- RecA[0004]:F0 02 0A 04
【20150103 17:29:23.795】--- ===================================================
【20150103 17:29:23.795】--- SenA[0008]:40 06 EE 00 00 00 00 CC
【20150103 17:29:23.816】--- RecA[0005]:F4 03 EE 02 19
【20150103 17:29:23.816】--- ===================================================
【20150103 17:29:24.016】--- SenA[0005]:40 03 0A 00 B3
【20150103 17:29:24.016】--- RecA[0004]:F0 02 0A 04
【20150103 17:29:24.016】--- ===================================================
【20150103 17:29:24.016】--- SenA[0008]:40 06 EE 00 00 00 00 CC
【20150103 17:29:24.036】--- RecA[0005]:F4 03 EE 02 19
【20150103 17:29:24.036】--- ===================================================
【20150103 17:29:24.237】--- SenA[0005]:40 03 0A 00 B3
【20150103 17:29:24.237】--- RecA[0004]:F0 02 0A 04
【20150103 17:29:24.237】--- ===================================================
【20150103 17:29:24.237】--- SenA[0008]:40 06 EE 00 00 00 00 CC
【20150103 17:29:24.247】--- RecA[0005]:F4 03 EE 02 19
【20150103 17:29:24.257】--- ===================================================
【20150103 17:29:24.457】--- SenA[0005]:40 03 0A 00 B3
【20150103 17:29:24.457】--- RecA[0004]:F0 02 0A 04
【20150103 17:29:24.457】--- ===================================================
【20150103 17:29:24.457】--- SenA[0008]:40 06 EE 00 00 00 00 CC
【20150103 17:29:24.477】--- RecA[0005]:F4 03 EE 02 19
【20150103 17:29:24.477】--- ===================================================
【20150103 17:29:24.677】--- SenA[0005]:40 03 0A 00 B3
【20150103 17:29:24.677】--- RecA[0004]:F0 02 0A 04
【20150103 17:29:24.677】--- ===================================================
【20150103 17:29:24.677】--- SenA[0008]:40 06 EE 00 00 00 00 CC
【20150103 17:29:24.687】--- RecA[0005]:F4 03 EE 02 19
【20150103 17:29:24.697】--- ===================================================
【20150103 17:29:24.897】--- SenA[0005]:40 03 0A 00 B3
【20150103 17:29:24.897】--- RecA[0004]:F0 02 0A 04
【20150103 17:29:24.897】--- ===================================================
【20150103 17:29:24.897】--- SenA[0008]:40 06 EE 00 00 00 00 CC
【20150103 17:29:24.918】--- RecA[0005]:F4 03 EE 02 19
【20150103 17:29:24.918】--- ===================================================
【20150103 17:29:25.121】--- SenA[0005]:40 03 0A 00 B3
【20150103 17:29:25.121】--- RecA[0004]:F0 02 0A 04
【20150103 17:29:25.121】--- ===================================================
【20150103 17:29:25.121】--- SenA[0008]:40 06 EE 00 00 00 00 CC
【20150103 17:29:25.131】--- RecA[0005]:F4 03 EE 02 19
【20150103 17:29:25.141】--- ===================================================
【20150103 17:29:25.341】--- SenA[0005]:40 03 0A 00 B3
【20150103 17:29:25.341】--- RecA[0004]:F0 02 0A 04
【20150103 17:29:25.341】--- ===================================================
【20150103 17:29:25.341】--- SenA[0008]:40 06 EE 00 00 00 00 CC
【20150103 17:29:25.361】--- RecA[0005]:F4 03 EE 02 19
【20150103 17:29:25.361】--- ===================================================
【20150103 17:29:25.561】--- SenA[0005]:40 03 0A 00 B3
【20150103 17:29:25.561】--- RecA[0004]:F0 02 0A 04
【20150103 17:29:25.561】--- ===================================================
【20150103 17:29:25.561】--- SenA[0008]:40 06 EE 00 00 00 00 CC
【20150103 17:29:25.581】--- RecA[0005]:F4 03 EE 02 19
【20150103 17:29:25.581】--- ===================================================
【20150103 17:29:25.781】--- SenA[0005]:40 03 0A 00 B3
【20150103 17:29:25.781】--- RecA[0004]:F0 02 0A 04
【20150103 17:29:25.781】--- ===================================================
【20150103 17:29:25.781】--- SenA[0008]:40 06 EE 00 00 00 00 CC
【20150103 17:29:25.801】--- RecA[0005]:F4 03 EE 02 19
【20150103 17:29:25.801】--- ===================================================
【20150103 17:29:26.001】--- SenA[0005]:40 03 0A 00 B3
【20150103 17:29:26.001】--- RecA[0004]:F0 02 0A 04
【20150103 17:29:26.001】--- ===================================================
【20150103 17:29:26.001】--- SenA[0008]:40 06 EE 00 00 00 00 CC
【20150103 17:29:26.021】--- RecA[0005]:F4 03 EE 02 19
【20150103 17:29:26.022】--- ===================================================
【20150103 17:29:26.222】--- SenA[0005]:40 03 0A 00 B3
【20150103 17:29:26.222】--- RecA[0004]:F0 02 0A 04
【20150103 17:29:26.222】--- ===================================================
【20150103 17:29:26.222】--- SenA[0008]:40 06 EE 00 00 00 00 CC
【20150103 17:29:26.232】--- RecA[0005]:F4 03 EE 02 19
【20150103 17:29:26.232】--- ===================================================
【20150103 17:29:26.442】--- SenA[0005]:40 03 0A 00 B3
【20150103 17:29:26.442】--- RecA[0004]:F0 02 0A 04
【20150103 17:29:26.442】--- ===================================================
【20150103 17:29:26.442】--- SenA[0008]:40 06 EE 00 00 00 00 CC
【20150103 17:29:26.452】--- RecA[0005]:F4 03 EE 02 19
【20150103 17:29:26.462】--- ===================================================
【20150103 17:29:26.662】--- SenA[0005]:40 03 0A 00 B3
【20150103 17:29:26.662】--- RecA[0004]:F0 02 0A 04
【20150103 17:29:26.662】--- ===================================================
【20150103 17:29:26.662】--- SenA[0008]:40 06 EE 00 00 00 00 CC
【20150103 17:29:26.682】--- RecA[0005]:F4 03 EE 02 19
【20150103 17:29:26.682】--- ===================================================
【20150103 17:29:26.883】--- SenA[0005]:40 03 0A 00 B3
【20150103 17:29:26.883】--- RecA[0004]:F0 02 0A 04
【20150103 17:29:26.883】--- ===================================================
【20150103 17:29:26.883】--- SenA[0008]:40 06 EE 00 00 00 00 CC
【20150103 17:29:26.903】--- RecA[0005]:F4 03 EE 02 19
【20150103 17:29:26.903】--- ===================================================
【20150103 17:29:27.103】--- SenA[0005]:40 03 0A 00 B3
【20150103 17:29:27.103】--- RecA[0004]:F0 02 0A 04
【20150103 17:29:27.103】--- ===================================================
【20150103 17:29:27.103】--- SenA[0008]:40 06 EE 00 00 00 00 CC
【20150103 17:29:27.113】--- RecA[0005]:F4 03 EE 02 19
【20150103 17:29:27.124】--- ===================================================
【20150103 17:29:27.324】--- SenA[0005]:40 03 0A 00 B3
【20150103 17:29:27.324】--- RecA[0004]:F0 02 0A 04
【20150103 17:29:27.324】--- ===================================================
【20150103 17:29:27.324】--- SenA[0008]:40 06 EE 00 00 00 00 CC
【20150103 17:29:27.344】--- RecA[0005]:F4 03 EE 02 19
【20150103 17:29:27.344】--- ===================================================
【20150103 17:29:27.544】--- SenA[0005]:40 03 0A 00 B3
【20150103 17:29:27.544】--- RecA[0004]:F0 02 0A 04
【20150103 17:29:27.544】--- ===================================================
【20150103 17:29:27.544】--- SenA[0008]:40 06 EE 00 00 00 00 CC
【20150103 17:29:27.554】--- RecA[0005]:F4 03 EE 02 19
【20150103 17:29:27.564】--- ===================================================
【20150103 17:29:27.764】--- SenA[0005]:40 03 0A 00 B3
【20150103 17:29:27.764】--- RecA[0004]:F0 02 0A 04
【20150103 17:29:27.764】--- ===================================================
【20150103 17:29:27.764】--- SenA[0008]:40 06 EE 00 00 00 00 CC
【20150103 17:29:27.784】--- RecA[0005]:F4 03 EE 02 19
【20150103 17:29:27.784】--- ===================================================
【20150103 17:29:27.984】--- SenA[0005]:40 03 0A 00 B3
【20150103 17:29:27.984】--- RecA[0004]:F0 02 0A 04
【20150103 17:29:27.984】--- ===================================================
【20150103 17:29:27.984】--- SenA[0008]:40 06 EE 00 00 00 00 CC
【20150103 17:29:27.994】--- RecA[0005]:F4 03 EE 02 19
【20150103 17:29:28.004】--- ===================================================
【20150103 17:29:28.204】--- SenA[0005]:40 03 0A 00 B3
【20150103 17:29:28.204】--- RecA[0004]:F0 02 0A 04
【20150103 17:29:28.204】--- ===================================================
【20150103 17:29:28.204】--- SenA[0008]:40 06 EE 00 00 00 00 CC
【20150103 17:29:28.214】--- RecA[0005]:F4 03 EE 02 19
【20150103 17:29:28.225】--- ===================================================
【20150103 17:29:28.425】--- SenA[0005]:40 03 0A 00 B3
【20150103 17:29:28.425】--- RecA[0004]:F0 02 0A 04
【20150103 17:29:28.425】--- ===================================================
【20150103 17:29:28.425】--- SenA[0008]:40 06 EE 00 00 00 00 CC
【20150103 17:29:28.445】--- RecA[0005]:F4 03 EE 02 19
【20150103 17:29:28.445】--- ===================================================
【20150103 17:29:28.647】--- SenA[0005]:40 03 0A 00 B3
【20150103 17:29:28.647】--- RecA[0004]:F0 02 0A 04
【20150103 17:29:28.647】--- ===================================================
【20150103 17:29:28.647】--- SenA[0008]:40 06 EE 00 00 00 00 CC
【20150103 17:29:28.667】--- RecA[0005]:F4 03 EE 02 19
【20150103 17:29:28.667】--- ===================================================
【20150103 17:29:28.867】--- SenA[0005]:40 03 0A 00 B3
【20150103 17:29:28.867】--- RecA[0004]:F0 02 0A 04
【20150103 17:29:28.867】--- ===================================================
【20150103 17:29:28.867】--- SenA[0008]:40 06 EE 00 00 00 00 CC
【20150103 17:29:28.887】--- RecA[0005]:F4 03 EE 02 19
【20150103 17:29:28.887】--- ===================================================
【20150103 17:29:29.087】--- SenA[0005]:40 03 0A 00 B3
【20150103 17:29:29.087】--- RecA[0004]:F0 02 0A 04
【20150103 17:29:29.087】--- ===================================================
【20150103 17:29:29.087】--- SenA[0008]:40 06 EE 00 00 00 00 CC
【20150103 17:29:29.097】--- RecA[0005]:F4 03 EE 02 19
【20150103 17:29:29.107】--- ===================================================
【20150103 17:29:29.307】--- SenA[0005]:40 03 0A 00 B3
【20150103 17:29:29.307】--- RecA[0004]:F0 02 0A 04
【20150103 17:29:29.307】--- ===================================================
【20150103 17:29:29.307】--- SenA[0008]:40 06 EE 00 00 00 00 CC
【20150103 17:29:29.317】--- RecA[0005]:F4 03 EE 02 19
【20150103 17:29:29.327】--- ===================================================
【20150103 17:29:29.528】--- SenA[0005]:40 03 0A 00 B3
【20150103 17:29:29.528】--- RecA[0004]:F0 02 0A 04
【20150103 17:29:29.528】--- ===================================================
【20150103 17:29:29.528】--- SenA[0008]:40 06 EE 00 00 00 00 CC
【20150103 17:29:29.538】--- RecA[0005]:F4 03 EE 02 19
【20150103 17:29:29.548】--- ===================================================
【20150103 17:29:29.748】--- SenA[0005]:40 03 0A 00 B3
【20150103 17:29:29.748】--- RecA[0004]:F0 02 0A 04
【20150103 17:29:29.748】--- ===================================================
【20150103 17:29:29.748】--- SenA[0008]:40 06 EE 00 00 00 00 CC
【20150103 17:29:29.768】--- RecA[0005]:F4 03 EE 02 19
【20150103 17:29:29.768】--- ===================================================
【20150103 17:29:29.968】--- SenA[0005]:40 03 0A 00 B3
【20150103 17:29:29.968】--- RecA[0004]:F0 02 0A 04
【20150103 17:29:29.968】--- ===================================================
【20150103 17:29:29.968】--- SenA[0008]:40 06 EE 00 00 00 00 CC
【20150103 17:29:29.988】--- RecA[0005]:F4 03 EE 02 19
【20150103 17:29:29.988】--- ===================================================
【20150103 17:29:30.189】--- SenA[0005]:40 03 0A 00 B3
【20150103 17:29:30.189】--- RecA[0004]:F0 02 0A 04
【20150103 17:29:30.189】--- ===================================================
【20150103 17:29:30.189】--- SenA[0008]:40 06 EE 00 00 00 00 CC
【20150103 17:29:30.199】--- RecA[0005]:F4 03 EE 02 19
【20150103 17:29:30.209】--- ===================================================
【20150103 17:29:30.410】--- SenA[0005]:40 03 0A 00 B3
【20150103 17:29:30.410】--- RecA[0004]:F0 02 0A 04
【20150103 17:29:30.410】--- ===================================================
【20150103 17:29:30.410】--- SenA[0008]:40 06 EE 00 00 00 00 CC
【20150103 17:29:30.420】--- RecA[0005]:F4 03 EE 02 19
【20150103 17:29:30.430】--- ===================================================
【20150103 17:29:30.631】--- SenA[0005]:40 03 0A 00 B3
【20150103 17:29:30.632】--- RecA[0004]:F0 02 0A 04
【20150103 17:29:30.632】--- ===================================================
【20150103 17:29:30.632】--- SenA[0008]:40 06 EE 00 00 00 00 CC
【20150103 17:29:30.652】--- RecA[0005]:F4 03 EE 02 19
【20150103 17:29:30.652】--- ===================================================
【20150103 17:29:30.852】--- SenA[0005]:40 03 0A 00 B3
【20150103 17:29:30.852】--- RecA[0004]:F0 02 0A 04
【20150103 17:29:30.852】--- ===================================================
【20150103 17:29:30.852】--- SenA[0008]:40 06 EE 00 00 00 00 CC
【20150103 17:29:30.862】--- RecA[0005]:F4 03 EE 02 19
【20150103 17:29:30.872】--- ===================================================
【20150103 17:29:31.072】--- SenA[0005]:40 03 0A 00 B3
【20150103 17:29:31.072】--- RecA[0004]:F0 02 0A 04
【20150103 17:29:31.072】--- ===================================================
【20150103 17:29:31.072】--- SenA[0008]:40 06 EE 00 00 00 00 CC
【20150103 17:29:31.092】--- RecA[0005]:F4 03 EE 02 19
【20150103 17:29:31.092】--- ===================================================
【20150103 17:29:31.292】--- SenA[0005]:40 03 0A 00 B3
【20150103 17:29:31.292】--- RecA[0004]:F0 02 0A 04
【20150103 17:29:31.292】--- ===================================================
【20150103 17:29:31.292】--- SenA[0008]:40 06 EE 00 00 00 00 CC
【20150103 17:29:31.302】--- RecA[0005]:F4 03 EE 02 19
【20150103 17:29:31.312】--- ===================================================
【20150103 17:29:31.512】--- SenA[0005]:40 03 0A 00 B3
【20150103 17:29:31.512】--- RecA[0004]:F0 02 0A 04
【20150103 17:29:31.512】--- ===================================================
【20150103 17:29:31.512】--- SenA[0008]:40 06 EE 00 00 00 00 CC
【20150103 17:29:31.532】--- RecA[0005]:F4 03 EE 02 19
【20150103 17:29:31.533】--- ===================================================
【20150103 17:29:31.733】--- SenA[0005]:40 03 0A 00 B3
【20150103 17:29:31.743】--- RecA[0004]:F0 02 0A 04
【20150103 17:29:31.743】--- ===================================================
【20150103 17:29:31.743】--- SenA[0008]:40 06 EE 00 00 00 00 CC
【20150103 17:29:31.763】--- RecA[0005]:F4 03 EE 02 19
【20150103 17:29:31.763】--- ===================================================
【20150103 17:29:31.963】--- SenA[0005]:40 03 0A 00 B3
【20150103 17:29:31.963】--- RecA[0004]:F0 02 0A 04
【20150103 17:29:31.963】--- ===================================================
【20150103 17:29:31.963】--- SenA[0008]:40 06 EE 00 00 00 00 CC
【20150103 17:29:31.973】--- RecA[0005]:F4 03 EE 02 19
【20150103 17:29:31.983】--- ===================================================
【20150103 17:29:32.183】--- SenA[0005]:40 03 0A 00 B3
【20150103 17:29:32.183】--- RecA[0004]:F0 02 0A 04
【20150103 17:29:32.183】--- ===================================================
【20150103 17:29:32.183】--- SenA[0008]:40 06 EE 00 00 00 00 CC
【20150103 17:29:32.193】--- RecA[0005]:F4 03 EE 02 19
【20150103 17:29:32.203】--- ===================================================
【20150103 17:29:32.403】--- SenA[0005]:40 03 0A 00 B3
【20150103 17:29:32.403】--- RecA[0004]:F0 02 0A 04
【20150103 17:29:32.403】--- ===================================================
【20150103 17:29:32.403】--- SenA[0008]:40 06 EE 00 00 00 00 CC
【20150103 17:29:32.413】--- RecA[0005]:F4 03 EE 02 19
【20150103 17:29:32.423】--- ===================================================
【20150103 17:29:32.623】--- SenA[0005]:40 03 0A 00 B3
【20150103 17:29:32.623】--- RecA[0004]:F0 02 0A 04
【20150103 17:29:32.623】--- ===================================================
【20150103 17:29:32.623】--- SenA[0008]:40 06 EE 00 00 00 00 CC
【20150103 17:29:32.633】--- RecA[0005]:F4 03 EE 02 19
【20150103 17:29:32.643】--- ===================================================
【20150103 17:29:32.844】--- SenA[0005]:40 03 0A 00 B3
【20150103 17:29:32.844】--- RecA[0004]:F0 02 0A 04
【20150103 17:29:32.844】--- ===================================================
【20150103 17:29:32.844】--- SenA[0008]:40 06 EE 00 00 00 00 CC
【20150103 17:29:32.854】--- RecA[0005]:F4 03 EE 02 19
【20150103 17:29:32.854】--- ===================================================
【20150103 17:29:33.064】--- SenA[0005]:40 03 0A 00 B3
【20150103 17:29:33.064】--- RecA[0004]:F0 02 0A 04
【20150103 17:29:33.064】--- ===================================================
【20150103 17:29:33.064】--- SenA[0008]:40 06 EE 00 00 00 00 CC
【20150103 17:29:33.084】--- RecA[0005]:F4 03 EE 02 19
【20150103 17:29:33.084】--- ===================================================
【20150103 17:29:33.284】--- SenA[0005]:40 03 0A 00 B3
【20150103 17:29:33.284】--- RecA[0004]:F0 02 0A 04
【20150103 17:29:33.284】--- ===================================================
【20150103 17:29:33.284】--- SenA[0008]:40 06 EE 00 00 00 00 CC
【20150103 17:29:33.294】--- RecA[0005]:F4 03 EE 02 19
【20150103 17:29:33.304】--- ===================================================
【20150103 17:29:33.504】--- SenA[0005]:40 03 0A 00 B3
【20150103 17:29:33.504】--- RecA[0004]:F0 02 0A 04
【20150103 17:29:33.504】--- ===================================================
【20150103 17:29:33.504】--- SenA[0008]:40 06 EE 00 00 00 00 CC
【20150103 17:29:33.514】--- RecA[0005]:F4 03 EE 02 19
【20150103 17:29:33.524】--- ===================================================
【20150103 17:29:33.724】--- SenA[0005]:40 03 0A 00 B3
【20150103 17:29:33.724】--- RecA[0004]:F0 02 0A 04
【20150103 17:29:33.724】--- ===================================================
【20150103 17:29:33.724】--- SenA[0008]:40 06 EE 00 00 00 00 CC
【20150103 17:29:33.744】--- RecA[0005]:F4 03 EE 02 19
【20150103 17:29:33.745】--- ===================================================
【20150103 17:29:33.945】--- SenA[0005]:40 03 0A 00 B3
【20150103 17:29:33.945】--- RecA[0004]:F0 02 0A 04
【20150103 17:29:33.945】--- ===================================================
【20150103 17:29:33.945】--- SenA[0008]:40 06 EE 00 00 00 00 CC
【20150103 17:29:33.955】--- RecA[0005]:F4 03 EE 02 19
【20150103 17:29:33.965】--- ===================================================
【20150103 17:29:34.165】--- SenA[0005]:40 03 0A 00 B3
【20150103 17:29:34.165】--- RecA[0004]:F0 02 0A 04
【20150103 17:29:34.165】--- ===================================================
【20150103 17:29:34.165】--- SenA[0008]:40 06 EE 00 00 00 00 CC
【20150103 17:29:34.185】--- RecA[0005]:F4 03 EE 02 19
【20150103 17:29:34.185】--- ===================================================
【20150103 17:29:34.385】--- SenA[0005]:40 03 0A 00 B3
【20150103 17:29:34.385】--- RecA[0004]:F0 02 0A 04
【20150103 17:29:34.385】--- ===================================================
【20150103 17:29:34.385】--- SenA[0008]:40 06 EE 00 00 00 00 CC
【20150103 17:29:34.395】--- RecA[0005]:F4 03 EE 02 19
【20150103 17:29:34.395】--- ===================================================
【20150103 17:29:34.605】--- SenA[0005]:40 03 0A 00 B3
【20150103 17:29:34.605】--- RecA[0004]:F0 02 0A 04
【20150103 17:29:34.605】--- ===================================================
【20150103 17:29:34.605】--- SenA[0008]:40 06 EE 00 00 00 00 CC
【20150103 17:29:34.625】--- RecA[0018]:F0 10 EE 01 06 30 08 33 B2 DD D9 01 40 00 00 00 00 F7
【20150103 17:29:34.625】--- ===================================================
【20150103 17:29:50.636】--- SenA[0005]:40 03 0F 00 AE
【20150103 17:29:50.696】--- RecA[0004]:F0 02 0F FF
【20150103 17:29:50.706】--- ===================================================
【20150103 17:29:50.706】--- SenA[0004]:40 02 02 BC
【20150103 17:29:50.706】--- RecA[0008]:F0 06 02 01 00 02 07 FE
【20150103 17:29:50.706】--- ===================================================
【20150103 17:29:50.706】--- SenA[0004]:40 02 06 B8
【20150103 17:29:50.716】--- RecA[0036]:F0 22 06 08 32 01 0B 30 00 01 02 04 00 01 01 C0 A8 01 18 07 84 FF FF FF 00 C0 A8 01 01 00 A0 EE 1A 24 3A F0
【20150103 17:29:50.716】--- ===================================================
【20150103 17:29:50.716】--- SenA[0004]:40 02 14 AA
【20150103 17:29:50.716】--- RecA[0036]:F0 22 14 00 00 05 02 00 64 00 03 28 C8 08 00 78 00 00 01 00 C0 A8 00 3D 13 88 00 10 32 15 00 00 00 00 00 64
【20150103 17:29:50.716】--- ===================================================
【20150103 17:29:50.806】--- SenA[0005]:40 03 0A 00 B3
【20150103 17:29:50.816】--- RecA[0004]:F0 02 0A 04
【20150103 17:29:50.816】--- ===================================================
【20150103 17:29:50.816】--- SenA[0005]:40 03 0A 00 B3
【20150103 17:29:50.846】--- RecA[0004]:F0 02 0A 04
【20150103 17:29:50.846】--- ===================================================
【20150103 17:29:50.846】--- SenA[0008]:40 06 EE 00 00 00 00 CC
【20150103 17:29:50.866】--- RecA[0005]:F4 03 EE 02 19
【20150103 17:29:50.867】--- ===================================================
【20150103 17:29:51.070】--- SenA[0005]:40 03 0A 00 B3
【20150103 17:29:51.070】--- RecA[0004]:F0 02 0A 04
【20150103 17:29:51.070】--- ===================================================
【20150103 17:29:51.070】--- SenA[0008]:40 06 EE 00 00 00 00 CC
【20150103 17:29:51.090】--- RecA[0005]:F4 03 EE 02 19
【20150103 17:29:51.090】--- ===================================================
【20150103 17:29:51.290】--- SenA[0005]:40 03 0A 00 B3
【20150103 17:29:51.290】--- RecA[0004]:F0 02 0A 04
【20150103 17:29:51.290】--- ===================================================
【20150103 17:29:51.290】--- SenA[0008]:40 06 EE 00 00 00 00 CC
【20150103 17:29:51.311】--- RecA[0005]:F4 03 EE 02 19
【20150103 17:29:51.311】--- ===================================================
【20150103 17:29:51.511】--- SenA[0005]:40 03 0A 00 B3
【20150103 17:29:51.511】--- RecA[0004]:F0 02 0A 04
【20150103 17:29:51.511】--- ===================================================
【20150103 17:29:51.511】--- SenA[0008]:40 06 EE 00 00 00 00 CC
【20150103 17:29:51.531】--- RecA[0018]:F0 10 EE 01 06 30 08 33 B2 DD D9 01 40 00 00 00 00 F7
【20150103 17:29:51.531】--- ===================================================
